<?xml version="1.0" encoding="utf-8"?><testsuites name="pytest tests"><testsuite name="pytest" errors="0" failures="0" skipped="0" tests="25" time="3.461" timestamp="2026-01-05T12:50:18.972633+00:00" hostname="agent-env-c2609b84-8994-4a10-bf33-591d02d81c7b"><testcase classname="tests.test_gem_bid_crm.TestGemBidAuthentication" name="test_gem_bid_login_success" time="0.070" /><testcase classname="tests.test_gem_bid_crm.TestGemBidAuthentication" name="test_gem_bid_login_wrong_credentials" time="0.037" /><testcase classname="tests.test_gem_bid_crm.TestGemBidAuthentication" name="test_gem_bid_login_wrong_password" time="0.036" /><testcase classname="tests.test_gem_bid_crm.TestGemBidAuthentication" name="test_crm_credentials_rejected_for_gem_bid" time="0.045" /><testcase classname="tests.test_gem_bid_crm.TestGemBidTokenIsolation" name="test_gem_bid_token_works_for_gem_bid_api" time="0.078" /><testcase classname="tests.test_gem_bid_crm.TestGemBidTokenIsolation" name="test_crm_token_rejected_for_gem_bid_api" time="0.079" /><testcase classname="tests.test_gem_bid_crm.TestGemBidTokenIsolation" name="test_gem_bid_token_rejected_for_crm_api" time="0.072" /><testcase classname="tests.test_gem_bid_crm.TestGemBidCRUD" name="test_create_bid" time="0.132" /><testcase classname="tests.test_gem_bid_crm.TestGemBidCRUD" name="test_get_bid_by_id" time="0.153" /><testcase classname="tests.test_gem_bid_crm.TestGemBidCRUD" name="test_update_bid" time="0.187" /><testcase classname="tests.test_gem_bid_crm.TestGemBidCRUD" name="test_delete_bid" time="0.156" /><testcase classname="tests.test_gem_bid_crm.TestGemBidStatusManagement" name="test_all_9_statuses_valid" time="0.070" /><testcase classname="tests.test_gem_bid_crm.TestGemBidStatusManagement" name="test_status_change_updates_history" time="0.183" /><testcase classname="tests.test_gem_bid_crm.TestGemBidStatusManagement" name="test_invalid_status_rejected" time="0.145" /><testcase classname="tests.test_gem_bid_crm.TestGemBidSections" name="test_new_bids_excludes_order_complete" time="0.145" /><testcase classname="tests.test_gem_bid_crm.TestGemBidSections" name="test_completed_bids_only_order_complete" time="0.186" /><testcase classname="tests.test_gem_bid_crm.TestGemBidSections" name="test_status_change_to_order_complete_moves_bid" time="0.249" /><testcase classname="tests.test_gem_bid_crm.TestGemBidDocuments" name="test_upload_document" time="0.186" /><testcase classname="tests.test_gem_bid_crm.TestGemBidDocuments" name="test_delete_document" time="0.218" /><testcase classname="tests.test_gem_bid_crm.TestGemBidExcelOperations" name="test_template_download" time="0.123" /><testcase classname="tests.test_gem_bid_crm.TestGemBidExcelOperations" name="test_bulk_upload" time="0.157" /><testcase classname="tests.test_gem_bid_crm.TestDataIsolation" name="test_crm_still_works" time="0.145" /><testcase classname="tests.test_gem_bid_crm.TestDataIsolation" name="test_gem_bid_data_not_in_crm" time="0.190" /><testcase classname="tests.test_gem_bid_crm.TestMainCRMLogin" name="test_crm_login_success" time="0.034" /><testcase classname="tests.test_gem_bid_crm.TestMainCRMLogin" name="test_gem_bid_credentials_rejected_for_crm" time="0.037" /></testsuite></testsuites>