<?xml version="1.0" encoding="utf-8"?><testsuites name="pytest tests"><testsuite name="pytest" errors="0" failures="0" skipped="0" tests="16" time="1.206" timestamp="2026-01-02T12:35:40.626413+00:00" hostname="agent-env-c2609b84-8994-4a10-bf33-591d02d81c7b"><testcase classname="tests.test_lead_documents.TestLeadDocumentEndpoints" name="test_get_lead_without_documents" time="0.274" /><testcase classname="tests.test_lead_documents.TestLeadDocumentEndpoints" name="test_upload_tender_document" time="0.041" /><testcase classname="tests.test_lead_documents.TestLeadDocumentEndpoints" name="test_verify_tender_document_uploaded" time="0.078" /><testcase classname="tests.test_lead_documents.TestLeadDocumentEndpoints" name="test_upload_working_sheet" time="0.041" /><testcase classname="tests.test_lead_documents.TestLeadDocumentEndpoints" name="test_verify_working_sheet_uploaded" time="0.078" /><testcase classname="tests.test_lead_documents.TestLeadDocumentEndpoints" name="test_both_documents_coexist" time="0.036" /><testcase classname="tests.test_lead_documents.TestLeadDocumentEndpoints" name="test_delete_tender_document" time="0.034" /><testcase classname="tests.test_lead_documents.TestLeadDocumentEndpoints" name="test_verify_tender_document_deleted" time="0.041" /><testcase classname="tests.test_lead_documents.TestLeadDocumentEndpoints" name="test_delete_working_sheet" time="0.032" /><testcase classname="tests.test_lead_documents.TestLeadDocumentEndpoints" name="test_verify_working_sheet_deleted" time="0.036" /><testcase classname="tests.test_lead_documents.TestLeadDocumentEndpoints" name="test_delete_nonexistent_tender_document" time="0.039" /><testcase classname="tests.test_lead_documents.TestLeadDocumentEndpoints" name="test_delete_nonexistent_working_sheet" time="0.081" /><testcase classname="tests.test_lead_documents.TestLeadDocumentErrorCases" name="test_delete_tender_document_nonexistent_lead" time="0.036" /><testcase classname="tests.test_lead_documents.TestLeadDocumentErrorCases" name="test_delete_working_sheet_nonexistent_lead" time="0.076" /><testcase classname="tests.test_lead_documents.TestLeadDocumentErrorCases" name="test_upload_invalid_file_type" time="0.038" /><testcase classname="tests.test_lead_documents.TestLeadProductPartNumber" name="test_lead_with_part_number" time="0.172" /></testsuite></testsuites>