<?xml version="1.0" encoding="utf-8"?><testsuites name="pytest tests"><testsuite name="pytest" errors="0" failures="0" skipped="0" tests="11" time="2.157" timestamp="2026-01-02T13:23:49.052948+00:00" hostname="agent-env-c2609b84-8994-4a10-bf33-591d02d81c7b"><testcase classname="tests.test_pi_enhancements.TestPIEnhancements" name="test_lead_conversion_includes_documents" time="0.281" /><testcase classname="tests.test_pi_enhancements.TestPIEnhancements" name="test_lead_conversion_without_documents" time="0.224" /><testcase classname="tests.test_pi_enhancements.TestPIEnhancements" name="test_pi_syncs_products_from_lead" time="0.160" /><testcase classname="tests.test_pi_enhancements.TestPIEnhancements" name="test_pi_syncs_documents_from_lead" time="0.257" /><testcase classname="tests.test_pi_enhancements.TestPIEnhancements" name="test_lead_update_preserves_documents" time="0.218" /><testcase classname="tests.test_pi_enhancements.TestPIEnhancements" name="test_pi_has_part_number_in_products" time="0.221" /><testcase classname="tests.test_pi_enhancements.TestPIEnhancements" name="test_pi_has_lead_id_for_view_lead_button" time="0.233" /><testcase classname="tests.test_pi_enhancements.TestPIEnhancements" name="test_pi_documents_are_synced_not_editable" time="0.372" /><testcase classname="tests.test_pi_enhancements.TestAPIEndpoints" name="test_get_proforma_invoices_list" time="0.045" /><testcase classname="tests.test_pi_enhancements.TestAPIEndpoints" name="test_get_leads_list" time="0.047" /><testcase classname="tests.test_pi_enhancements.TestAPIEndpoints" name="test_get_customers_list" time="0.043" /></testsuite></testsuites>