<?xml version="1.0" encoding="utf-8"?><testsuites name="pytest tests"><testsuite name="pytest" errors="0" failures="0" skipped="0" tests="14" time="2.332" timestamp="2026-01-02T11:57:30.794672+00:00" hostname="agent-env-c2609b84-8994-4a10-bf33-591d02d81c7b"><testcase classname="tests.test_lead_features.TestAuth" name="test_login_success" time="0.102" /><testcase classname="tests.test_lead_features.TestPartNumber" name="test_create_lead_with_part_number" time="0.161" /><testcase classname="tests.test_lead_features.TestPartNumber" name="test_create_lead_without_part_number" time="0.072" /><testcase classname="tests.test_lead_features.TestPartNumber" name="test_update_lead_part_number" time="0.163" /><testcase classname="tests.test_lead_features.TestPartNumber" name="test_get_lead_with_part_number" time="0.120" /><testcase classname="tests.test_lead_features.TestTenderDocument" name="test_upload_tender_document_pdf" time="0.295" /><testcase classname="tests.test_lead_features.TestTenderDocument" name="test_upload_tender_document_docx" time="0.174" /><testcase classname="tests.test_lead_features.TestTenderDocument" name="test_upload_tender_document_xlsx" time="0.160" /><testcase classname="tests.test_lead_features.TestTenderDocument" name="test_upload_tender_document_png" time="0.197" /><testcase classname="tests.test_lead_features.TestTenderDocument" name="test_upload_invalid_file_type" time="0.119" /><testcase classname="tests.test_lead_features.TestTenderDocument" name="test_delete_tender_document" time="0.225" /><testcase classname="tests.test_lead_features.TestTenderDocument" name="test_upload_to_nonexistent_lead" time="0.039" /><testcase classname="tests.test_lead_features.TestExcelTemplate" name="test_download_lead_template" time="0.216" /><testcase classname="tests.test_lead_features.TestBulkUpload" name="test_bulk_upload_with_part_number" time="0.160" /></testsuite></testsuites>