<?xml version="1.0" encoding="utf-8"?><testsuites name="pytest tests"><testsuite name="pytest" errors="0" failures="0" skipped="0" tests="11" time="2.068" timestamp="2026-01-02T12:18:13.502378+00:00" hostname="agent-env-c2609b84-8994-4a10-bf33-591d02d81c7b"><testcase classname="tests.test_working_sheet.TestWorkingSheetUpload" name="test_upload_working_sheet_pdf" time="0.412" /><testcase classname="tests.test_working_sheet.TestWorkingSheetUpload" name="test_upload_working_sheet_xlsx" time="0.152" /><testcase classname="tests.test_working_sheet.TestWorkingSheetUpload" name="test_upload_working_sheet_docx" time="0.151" /><testcase classname="tests.test_working_sheet.TestWorkingSheetUpload" name="test_upload_working_sheet_png" time="0.104" /><testcase classname="tests.test_working_sheet.TestWorkingSheetUpload" name="test_upload_working_sheet_invalid_type" time="0.114" /><testcase classname="tests.test_working_sheet.TestWorkingSheetDelete" name="test_delete_working_sheet" time="0.170" /><testcase classname="tests.test_working_sheet.TestWorkingSheetDelete" name="test_upload_working_sheet_to_nonexistent_lead" time="0.037" /><testcase classname="tests.test_working_sheet.TestBothDocumentsCoexist" name="test_both_documents_on_same_lead" time="0.290" /><testcase classname="tests.test_working_sheet.TestBothDocumentsCoexist" name="test_delete_one_document_keeps_other" time="0.212" /><testcase classname="tests.test_working_sheet.TestBothDocumentsCoexist" name="test_replace_working_sheet" time="0.220" /><testcase classname="tests.test_working_sheet.TestLeadModelWorkingSheet" name="test_lead_model_has_working_sheet_field" time="0.144" /></testsuite></testsuites>